mode: set
github.com/ankur-toko/quick-links/config/config.go:12.13,14.2 1 1
github.com/ankur-toko/quick-links/config/config.go:16.53,20.2 3 1
github.com/ankur-toko/quick-links/config/config.go:22.37,24.16 2 1
github.com/ankur-toko/quick-links/config/config.go:24.16,26.3 1 1
github.com/ankur-toko/quick-links/config/config.go:26.8,28.3 1 1
github.com/ankur-toko/quick-links/config/config.go:31.41,33.2 1 0
github.com/ankur-toko/quick-links/core/repository/filerepo.go:24.48,26.14 2 0
github.com/ankur-toko/quick-links/core/repository/filerepo.go:26.14,28.3 1 0
github.com/ankur-toko/quick-links/core/repository/filerepo.go:29.2,30.26 2 0
github.com/ankur-toko/quick-links/core/repository/filerepo.go:34.44,36.2 1 0
github.com/ankur-toko/quick-links/core/repository/filerepo.go:38.62,42.36 3 0
github.com/ankur-toko/quick-links/core/repository/filerepo.go:42.36,45.3 2 0
github.com/ankur-toko/quick-links/core/repository/filerepo.go:47.2,57.14 8 0
github.com/ankur-toko/quick-links/core/repository/filerepo.go:57.14,59.3 1 0
github.com/ankur-toko/quick-links/core/repository/filerepo.go:61.2,62.14 2 0
github.com/ankur-toko/quick-links/core/repository/filerepo.go:62.14,64.3 1 0
github.com/ankur-toko/quick-links/core/repository/filerepo.go:65.2,67.16 2 0
github.com/ankur-toko/quick-links/core/repository/filerepo.go:67.16,69.3 1 0
github.com/ankur-toko/quick-links/core/repository/filerepo.go:70.2,74.17 3 0
github.com/ankur-toko/quick-links/core/repository/filerepo.go:77.60,80.24 3 0
github.com/ankur-toko/quick-links/core/repository/filerepo.go:80.24,83.15 2 0
github.com/ankur-toko/quick-links/core/repository/filerepo.go:83.15,86.4 2 0
github.com/ankur-toko/quick-links/core/repository/filerepo.go:87.3,88.11 2 0
github.com/ankur-toko/quick-links/core/repository/filerepo.go:89.8,91.3 1 0
github.com/ankur-toko/quick-links/core/repository/filerepo.go:93.2,93.18 1 0
github.com/ankur-toko/quick-links/core/repository/filerepo.go:96.40,99.16 2 0
github.com/ankur-toko/quick-links/core/repository/filerepo.go:99.16,101.3 1 0
github.com/ankur-toko/quick-links/core/repository/filerepo.go:102.2,106.21 3 0
github.com/ankur-toko/quick-links/core/repository/filerepo.go:106.21,109.22 3 0
github.com/ankur-toko/quick-links/core/repository/filerepo.go:109.22,111.4 1 0
github.com/ankur-toko/quick-links/core/repository/filerepo.go:111.9,114.4 1 0
github.com/ankur-toko/quick-links/core/repository/filerepo.go:117.2,117.38 1 0
github.com/ankur-toko/quick-links/core/repository/filerepo.go:117.38,120.3 2 0
github.com/ankur-toko/quick-links/core/repository/filerepo.go:121.2,121.12 1 0
github.com/ankur-toko/quick-links/core/repository/filerepo.go:124.50,131.2 3 0
github.com/ankur-toko/quick-links/core/repository/filerepo.go:133.41,134.26 1 0
github.com/ankur-toko/quick-links/core/repository/filerepo.go:134.26,136.3 1 0
github.com/ankur-toko/quick-links/core/repository/filerepo.go:139.57,141.14 2 0
github.com/ankur-toko/quick-links/core/repository/filerepo.go:141.14,144.3 2 0
github.com/ankur-toko/quick-links/core/repository/filerepo.go:145.2,145.12 1 0
github.com/ankur-toko/quick-links/core/repository/filerepo.go:148.43,150.2 1 0
github.com/ankur-toko/quick-links/core/repository/filerepo.go:152.53,154.2 1 0
github.com/ankur-toko/quick-links/core/repository/memorydb.go:9.34,11.2 1 1
github.com/ankur-toko/quick-links/core/repository/memorydb.go:13.52,16.2 2 1
github.com/ankur-toko/quick-links/core/repository/memorydb.go:18.55,20.8 2 1
github.com/ankur-toko/quick-links/core/repository/memorydb.go:20.8,22.3 1 1
github.com/ankur-toko/quick-links/core/repository/memorydb.go:22.8,24.3 1 1
github.com/ankur-toko/quick-links/core/models/quicklink.go:13.37,15.16 2 1
github.com/ankur-toko/quick-links/core/models/quicklink.go:15.16,17.3 1 0
github.com/ankur-toko/quick-links/core/models/quicklink.go:18.2,18.20 1 1
github.com/ankur-toko/quick-links/core/validations/non_empty.go:11.54,12.32 1 1
github.com/ankur-toko/quick-links/core/validations/non_empty.go:12.32,14.3 1 1
github.com/ankur-toko/quick-links/core/validations/non_empty.go:15.2,15.12 1 1
github.com/ankur-toko/quick-links/core/validations/url_checker.go:11.53,12.21 1 1
github.com/ankur-toko/quick-links/core/validations/url_checker.go:12.21,14.3 1 1
github.com/ankur-toko/quick-links/core/validations/url_checker.go:16.2,16.21 1 1
github.com/ankur-toko/quick-links/core/validations/url_checker.go:16.21,18.3 1 1
github.com/ankur-toko/quick-links/core/validations/url_checker.go:19.2,19.12 1 1
github.com/ankur-toko/quick-links/core/validations/url_validation_check.go:13.13,15.2 1 1
github.com/ankur-toko/quick-links/core/validations/url_validation_check.go:17.42,19.2 1 1
github.com/ankur-toko/quick-links/core/validations/url_validation_check.go:21.65,22.30 1 1
github.com/ankur-toko/quick-links/core/validations/url_validation_check.go:22.30,24.3 1 1
github.com/ankur-toko/quick-links/core/validations/url_validation_check.go:25.2,25.12 1 1
github.com/ankur-toko/quick-links/core/validations/url_validation_check.go:28.45,30.2 1 1
github.com/ankur-toko/quick-links/core/validations/url_validation_check.go:32.29,35.2 2 1
github.com/ankur-toko/quick-links/core/validations/validations.go:21.51,23.2 1 1
github.com/ankur-toko/quick-links/core/validations/validations.go:25.54,27.33 2 1
github.com/ankur-toko/quick-links/core/validations/validations.go:27.33,29.15 2 1
github.com/ankur-toko/quick-links/core/validations/validations.go:29.15,31.4 1 1
github.com/ankur-toko/quick-links/core/validations/validations.go:33.2,33.19 1 1
github.com/ankur-toko/quick-links/core/validations/validations.go:33.19,35.3 1 1
github.com/ankur-toko/quick-links/core/validations/validations.go:36.2,36.12 1 1
github.com/ankur-toko/quick-links/core/validations/validations.go:40.40,42.2 1 1
github.com/ankur-toko/quick-links/core/validations/validations.go:44.39,46.2 1 1
